<?xml version="1.0" encoding="UTF-8"?>
<!-- Generated by org.testng.reporters.JUnitReportReporter -->
<testsuite hostname="Rishik-txl" name="org.testng.validateorders.ApplicationTest" tests="6" failures="0" timestamp="3 Aug 2014 18:46:54 GMT" time="9.835" errors="0">
  <testcase name="enterUniversityData" time="3.321" classname="org.testng.validateorders.ApplicationTest"/>
  <testcase name="validateConfirmationMessage" time="0.040" classname="org.testng.validateorders.ApplicationTest"/>
  <testcase name="validateConfirmationMessage" time="0.035" classname="org.testng.validateorders.ApplicationTest"/>
  <testcase name="enterUniversityData" time="3.273" classname="org.testng.validateorders.ApplicationTest"/>
  <testcase name="validateConfirmationMessage" time="0.040" classname="org.testng.validateorders.ApplicationTest"/>
  <testcase name="enterUniversityData" time="3.126" classname="org.testng.validateorders.ApplicationTest"/>
</testsuite> <!-- org.testng.validateorders.ApplicationTest -->
